<?xml version="1.0" encoding="UTF-8"?>
<testsuites name="Daily Test" time="11.094" tests="2" failures="0" errors="0">
   <testsuite name="Daily Test" tests="2" failures="0" errors="0" time="11.094" skipped="0" timestamp="2022-10-04 10:43:09" hostname="ulina - rup" id="Test Suites/Daily Test">
      <properties>
         <property name="deviceName" value=""/>
         <property name="devicePlatform" value=""/>
         <property name="logFolder" value="C:\\Users\\ulina\\Katalon Studio\\Belajar-Katalon.git\\Reports\\20221004_104258\\Daily Test\\20221004_104258"/>
         <property name="logFiles" value="C:\\Users\\ulina\\Katalon Studio\\Belajar-Katalon.git\\Reports\\20221004_104258\\Daily Test\\20221004_104258\\execution0.log"/>
         <property name="attachments" value=""/>
         <property name="hostName" value="ulina - rup"/>
         <property name="os" value="Windows 10 64bit"/>
         <property name="katalonVersion" value="8.5.1.208"/>
         <property name="browser" value="Chrome 105.0.0.0"/>
         <property name="hostAddress" value="10.10.20.20"/>
         <property name="sessionId" value="c64a595f9359d94ddc64d220aa2f172b"/>
         <property name="seleniumVersion" value="3.141.59"/>
         <property name="proxyInformation" value="ProxyInformation { proxyOption=NO_PROXY, proxyServerType=HTTP, username=, password=********, proxyServerAddress=, proxyServerPort=0, executionList=&quot;&quot;, isApplyToDesiredCapabilities=true }"/>
         <property name="platform" value="Windows 10"/>
      </properties>
      <testcase name="Test Cases/Login Berhasil" time="5.735" classname="Test Cases/Login Berhasil" status="PASSED">
         <system-out><![CDATA[2022-10-04 10:43:09 - [TEST_CASE][PASSED] - Test Cases/Login Berhasil: Test Cases/Login Berhasil

2022-10-04 10:43:10 - [TEST_STEP][PASSED] - openBrowser(""): Browser is opened with url: ''

2022-10-04 10:43:10 - [MESSAGE][INFO] - Starting 'Chrome' driver

2022-10-04 10:43:10 - [MESSAGE][INFO] - Action delay is set to 0 milliseconds

2022-10-04 10:43:12 - [MESSAGE][PASSED] - Browser is opened with url: ''

2022-10-04 10:43:12 - [TEST_STEP][PASSED] - navigateToUrl("https://akademik.polban.ac.id/"): Navigate to 'https://akademik.polban.ac.id/' successfully

2022-10-04 10:43:13 - [MESSAGE][PASSED] - Navigate to 'https://akademik.polban.ac.id/' successfully

2022-10-04 10:43:13 - [TEST_STEP][PASSED] - setText(findTestObject("Object Repository/Page_Mahasiswa  Log in/input_Pengesahan KRS_username"), "181524030"): Text '181524030' is set on object 'Object Repository/Page_Mahasiswa  Log in/input_Pengesahan KRS_username'

2022-10-04 10:43:14 - [MESSAGE][PASSED] - Text '181524030' is set on object 'Object Repository/Page_Mahasiswa  Log in/input_Pengesahan KRS_username'

2022-10-04 10:43:14 - [TEST_STEP][PASSED] - setEncryptedText(findTestObject("Object Repository/Page_Mahasiswa  Log in/input_Pengesahan KRS_password"), "U+lnIAN/gKSlHcaxcMBafg=="): Text ****** has been set on object 'Object Repository/Page_Mahasiswa  Log in/input_Pengesahan KRS_password'

2022-10-04 10:43:14 - [MESSAGE][PASSED] - Text ****** has been set on object 'Object Repository/Page_Mahasiswa  Log in/input_Pengesahan KRS_password'

2022-10-04 10:43:14 - [TEST_STEP][PASSED] - click(findTestObject("Object Repository/Page_Mahasiswa  Log in/button_Sign In")): Object: 'Object Repository/Page_Mahasiswa  Log in/button_Sign In' is clicked on

2022-10-04 10:43:15 - [MESSAGE][PASSED] - Object: 'Object Repository/Page_Mahasiswa  Log in/button_Sign In' is clicked on]]></system-out>
         <system-err><![CDATA[]]></system-err>
      </testcase>
      <testcase name="Test Cases/Login Gagal-Salah Password" time="5.015" classname="Test Cases/Login Gagal-Salah Password" status="PASSED">
         <system-out><![CDATA[2022-10-04 10:43:15 - [TEST_CASE][PASSED] - Test Cases/Login Gagal-Salah Password: Test Cases/Login Gagal-Salah Password

2022-10-04 10:43:16 - [TEST_STEP][PASSED] - openBrowser(""): Browser is opened with url: ''

2022-10-04 10:43:16 - [MESSAGE][WARNING] - A browser is already opened. Closing browser and opening a new one

2022-10-04 10:43:16 - [MESSAGE][INFO] - Starting 'Chrome' driver

2022-10-04 10:43:16 - [MESSAGE][INFO] - Action delay is set to 0 milliseconds

2022-10-04 10:43:17 - [MESSAGE][PASSED] - Browser is opened with url: ''

2022-10-04 10:43:17 - [TEST_STEP][PASSED] - navigateToUrl("https://akademik.polban.ac.id/"): Navigate to 'https://akademik.polban.ac.id/' successfully

2022-10-04 10:43:18 - [MESSAGE][PASSED] - Navigate to 'https://akademik.polban.ac.id/' successfully

2022-10-04 10:43:18 - [TEST_STEP][PASSED] - setText(findTestObject("Object Repository/Page_Mahasiswa  Log in/input_Pengesahan KRS_username"), "181524030"): Text '181524030' is set on object 'Object Repository/Page_Mahasiswa  Log in/input_Pengesahan KRS_username'

2022-10-04 10:43:19 - [MESSAGE][PASSED] - Text '181524030' is set on object 'Object Repository/Page_Mahasiswa  Log in/input_Pengesahan KRS_username'

2022-10-04 10:43:19 - [TEST_STEP][PASSED] - setEncryptedText(findTestObject("Object Repository/Page_Mahasiswa  Log in/input_Pengesahan KRS_password"), "UQAk/P5qvDRit/KSf3NQ5zAwJEMaSgAf"): Text ****** has been set on object 'Object Repository/Page_Mahasiswa  Log in/input_Pengesahan KRS_password'

2022-10-04 10:43:19 - [MESSAGE][PASSED] - Text ****** has been set on object 'Object Repository/Page_Mahasiswa  Log in/input_Pengesahan KRS_password'

2022-10-04 10:43:19 - [TEST_STEP][PASSED] - click(findTestObject("Object Repository/Page_Mahasiswa  Log in/button_Sign In")): Object: 'Object Repository/Page_Mahasiswa  Log in/button_Sign In' is clicked on

2022-10-04 10:43:20 - [MESSAGE][PASSED] - Object: 'Object Repository/Page_Mahasiswa  Log in/button_Sign In' is clicked on]]></system-out>
         <system-err><![CDATA[]]></system-err>
      </testcase>
      <system-out><![CDATA[2022-10-04 10:43:09 - [TEST_SUITE][PASSED] - Daily Test: Test Cases/Login Gagal-Salah Password]]></system-out>
      <system-err><![CDATA[]]></system-err>
   </testsuite>
</testsuites>
